#Timing report of worst 1 path(s)
# Unit scale: 1e-09 seconds
# Output precision: 3

#Path 1
Startpoint: y_1.inpad[0] (.input clocked by virtual_io_clock)
Endpoint  : out:s.outpad[0] (.output clocked by virtual_io_clock)
Path Type : setup

Point                                                                          Incr      Path
---------------------------------------------------------------------------------------------
clock virtual_io_clock (rise edge)                                            0.000     0.000
clock source latency                                                          0.000     0.000
input external delay                                                          0.000     0.000
y_1.inpad[0] (.input)                                                         0.000     0.000
$iopadmap$helloworldfpga.y_1.I_PAD_$inp[0] (BIDIR_CELL)                       0.000     0.000
$iopadmap$helloworldfpga.y_1.I_DAT[0] (BIDIR_CELL)                           10.958    10.958
s_LUT4_O.c_frag.TBS[0] (C_FRAG)                                               7.417    18.375
s_LUT4_O.c_frag.CZ[0] (C_FRAG)                                                0.996    19.371
$iopadmap$helloworldfpga.s.O_DAT[0] (BIDIR_CELL)                              7.690    27.061
$iopadmap$helloworldfpga.s.O_PAD_$out[0] (BIDIR_CELL)                         9.809    36.870
out:s.outpad[0] (.output)                                                     0.000    36.870
data arrival time                                                                      36.870

clock virtual_io_clock (rise edge)                                            0.000     0.000
clock source latency                                                          0.000     0.000
clock uncertainty                                                             0.000     0.000
output external delay                                                         0.000     0.000
data required time                                                                      0.000
---------------------------------------------------------------------------------------------
data required time                                                                      0.000
data arrival time                                                                     -36.870
---------------------------------------------------------------------------------------------
slack (VIOLATED)                                                                      -36.870


#End of timing report
